[35m[1mConsolidate compiler generated dependencies of target lidar_fix_node[0m
[ 33%] [32mBuilding CXX object CMakeFiles/lidar_fix_node.dir/src/lidar_fix_node.cpp.o[0m
[ 66%] [32m[1mLinking CXX executable lidar_fix_node[0m
[100%] Built target lidar_fix_node
-- Install configuration: ""
-- Installing: /home/uihyun/project/kroc/lidar_fix_final/lidar_fix/install/lidar_fix/lib/lidar_fix/lidar_fix_node
-- Set runtime path of "/home/uihyun/project/kroc/lidar_fix_final/lidar_fix/install/lidar_fix/lib/lidar_fix/lidar_fix_node" to ""
-- Up-to-date: /home/uihyun/project/kroc/lidar_fix_final/lidar_fix/install/lidar_fix/share/lidar_fix/launch
-- Up-to-date: /home/uihyun/project/kroc/lidar_fix_final/lidar_fix/install/lidar_fix/share/lidar_fix/launch/lidar_fix.launch.xml
-- Up-to-date: /home/uihyun/project/kroc/lidar_fix_final/lidar_fix/install/lidar_fix/share/ament_index/resource_index/package_run_dependencies/lidar_fix
-- Up-to-date: /home/uihyun/project/kroc/lidar_fix_final/lidar_fix/install/lidar_fix/share/ament_index/resource_index/parent_prefix_path/lidar_fix
-- Up-to-date: /home/uihyun/project/kroc/lidar_fix_final/lidar_fix/install/lidar_fix/share/lidar_fix/environment/ament_prefix_path.sh
-- Up-to-date: /home/uihyun/project/kroc/lidar_fix_final/lidar_fix/install/lidar_fix/share/lidar_fix/environment/ament_prefix_path.dsv
-- Up-to-date: /home/uihyun/project/kroc/lidar_fix_final/lidar_fix/install/lidar_fix/share/lidar_fix/environment/path.sh
-- Up-to-date: /home/uihyun/project/kroc/lidar_fix_final/lidar_fix/install/lidar_fix/share/lidar_fix/environment/path.dsv
-- Up-to-date: /home/uihyun/project/kroc/lidar_fix_final/lidar_fix/install/lidar_fix/share/lidar_fix/local_setup.bash
-- Up-to-date: /home/uihyun/project/kroc/lidar_fix_final/lidar_fix/install/lidar_fix/share/lidar_fix/local_setup.sh
-- Up-to-date: /home/uihyun/project/kroc/lidar_fix_final/lidar_fix/install/lidar_fix/share/lidar_fix/local_setup.zsh
-- Up-to-date: /home/uihyun/project/kroc/lidar_fix_final/lidar_fix/install/lidar_fix/share/lidar_fix/local_setup.dsv
-- Installing: /home/uihyun/project/kroc/lidar_fix_final/lidar_fix/install/lidar_fix/share/lidar_fix/package.dsv
-- Up-to-date: /home/uihyun/project/kroc/lidar_fix_final/lidar_fix/install/lidar_fix/share/ament_index/resource_index/packages/lidar_fix
-- Up-to-date: /home/uihyun/project/kroc/lidar_fix_final/lidar_fix/install/lidar_fix/share/lidar_fix/cmake/lidar_fixConfig.cmake
-- Up-to-date: /home/uihyun/project/kroc/lidar_fix_final/lidar_fix/install/lidar_fix/share/lidar_fix/cmake/lidar_fixConfig-version.cmake
-- Up-to-date: /home/uihyun/project/kroc/lidar_fix_final/lidar_fix/install/lidar_fix/share/lidar_fix/package.xml
