[0.005s] Invoking command in '/home/uihyun/project/kroc/lidar_fix_final/lidar_fix/build/lidar_fix': CMAKE_PREFIX_PATH=/opt/ros/humble /usr/bin/cmake --build /home/uihyun/project/kroc/lidar_fix_final/lidar_fix/build/lidar_fix -- -j8 -l8
[0.029s] [35m[1mConsolidate compiler generated dependencies of target lidar_fix_node[0m
[0.046s] [ 33%] [32mBuilding CXX object CMakeFiles/lidar_fix_node.dir/src/lidar_fix_node.cpp.o[0m
[0.048s] [ 66%] [32mBuilding CXX object CMakeFiles/lidar_fix_node.dir/src/lidar_fix_main.cpp.o[0m
[4.292s] [100%] [32m[1mLinking CXX executable lidar_fix_node[0m
[4.607s] [100%] Built target lidar_fix_node
[4.615s] Invoked command in '/home/uihyun/project/kroc/lidar_fix_final/lidar_fix/build/lidar_fix' returned '0': CMAKE_PREFIX_PATH=/opt/ros/humble /usr/bin/cmake --build /home/uihyun/project/kroc/lidar_fix_final/lidar_fix/build/lidar_fix -- -j8 -l8
[4.621s] Invoking command in '/home/uihyun/project/kroc/lidar_fix_final/lidar_fix/build/lidar_fix': CMAKE_PREFIX_PATH=/opt/ros/humble /usr/bin/cmake --install /home/uihyun/project/kroc/lidar_fix_final/lidar_fix/build/lidar_fix
[4.623s] -- Install configuration: ""
[4.623s] -- Installing: /home/uihyun/project/kroc/lidar_fix_final/lidar_fix/install/lidar_fix/lib/lidar_fix/lidar_fix_node
[4.625s] -- Set runtime path of "/home/uihyun/project/kroc/lidar_fix_final/lidar_fix/install/lidar_fix/lib/lidar_fix/lidar_fix_node" to ""
[4.625s] -- Installing: /home/uihyun/project/kroc/lidar_fix_final/lidar_fix/install/lidar_fix/share/lidar_fix/launch
[4.625s] -- Installing: /home/uihyun/project/kroc/lidar_fix_final/lidar_fix/install/lidar_fix/share/lidar_fix/launch/lidar_fix.launch.xml
[4.625s] -- Installing: /home/uihyun/project/kroc/lidar_fix_final/lidar_fix/install/lidar_fix/share/ament_index/resource_index/package_run_dependencies/lidar_fix
[4.625s] -- Installing: /home/uihyun/project/kroc/lidar_fix_final/lidar_fix/install/lidar_fix/share/ament_index/resource_index/parent_prefix_path/lidar_fix
[4.625s] -- Installing: /home/uihyun/project/kroc/lidar_fix_final/lidar_fix/install/lidar_fix/share/lidar_fix/environment/ament_prefix_path.sh
[4.625s] -- Installing: /home/uihyun/project/kroc/lidar_fix_final/lidar_fix/install/lidar_fix/share/lidar_fix/environment/ament_prefix_path.dsv
[4.625s] -- Installing: /home/uihyun/project/kroc/lidar_fix_final/lidar_fix/install/lidar_fix/share/lidar_fix/environment/path.sh
[4.625s] -- Installing: /home/uihyun/project/kroc/lidar_fix_final/lidar_fix/install/lidar_fix/share/lidar_fix/environment/path.dsv
[4.626s] -- Installing: /home/uihyun/project/kroc/lidar_fix_final/lidar_fix/install/lidar_fix/share/lidar_fix/local_setup.bash
[4.626s] -- Installing: /home/uihyun/project/kroc/lidar_fix_final/lidar_fix/install/lidar_fix/share/lidar_fix/local_setup.sh
[4.626s] -- Installing: /home/uihyun/project/kroc/lidar_fix_final/lidar_fix/install/lidar_fix/share/lidar_fix/local_setup.zsh
[4.626s] -- Installing: /home/uihyun/project/kroc/lidar_fix_final/lidar_fix/install/lidar_fix/share/lidar_fix/local_setup.dsv
[4.626s] -- Installing: /home/uihyun/project/kroc/lidar_fix_final/lidar_fix/install/lidar_fix/share/lidar_fix/package.dsv
[4.626s] -- Installing: /home/uihyun/project/kroc/lidar_fix_final/lidar_fix/install/lidar_fix/share/ament_index/resource_index/packages/lidar_fix
[4.627s] -- Installing: /home/uihyun/project/kroc/lidar_fix_final/lidar_fix/install/lidar_fix/share/lidar_fix/cmake/lidar_fixConfig.cmake
[4.627s] -- Installing: /home/uihyun/project/kroc/lidar_fix_final/lidar_fix/install/lidar_fix/share/lidar_fix/cmake/lidar_fixConfig-version.cmake
[4.627s] -- Installing: /home/uihyun/project/kroc/lidar_fix_final/lidar_fix/install/lidar_fix/share/lidar_fix/package.xml
[4.627s] Invoked command in '/home/uihyun/project/kroc/lidar_fix_final/lidar_fix/build/lidar_fix' returned '0': CMAKE_PREFIX_PATH=/opt/ros/humble /usr/bin/cmake --install /home/uihyun/project/kroc/lidar_fix_final/lidar_fix/build/lidar_fix
