-- The C compiler identification is GNU 11.4.0
-- The CXX compiler identification is GNU 11.4.0
-- Detecting C compiler ABI info
-- Detecting C compiler ABI info - done
-- Check for working C compiler: /usr/bin/cc - skipped
-- Detecting C compile features
-- Detecting C compile features - done
-- Detecting CXX compiler ABI info
-- Detecting CXX compiler ABI info - done
-- Check for working CXX compiler: /usr/bin/c++ - skipped
-- Detecting CXX compile features
-- Detecting CXX compile features - done
-- Found ament_cmake: 1.3.12 (/opt/ros/humble/share/ament_cmake/cmake)
-- Found Python3: /usr/bin/python3 (found version "3.10.12") found components: Interpreter 
-- Found rclcpp: 16.0.14 (/opt/ros/humble/share/rclcpp/cmake)
-- Found rosidl_generator_c: 3.1.7 (/opt/ros/humble/share/rosidl_generator_c/cmake)
-- Found rosidl_adapter: 3.1.7 (/opt/ros/humble/share/rosidl_adapter/cmake)
-- Found rosidl_generator_cpp: 3.1.7 (/opt/ros/humble/share/rosidl_generator_cpp/cmake)
-- Using all available rosidl_typesupport_c: rosidl_typesupport_fastrtps_c;rosidl_typesupport_introspection_c
-- Using all available rosidl_typesupport_cpp: rosidl_typesupport_fastrtps_cpp;rosidl_typesupport_introspection_cpp
-- Found rmw_implementation_cmake: 6.1.2 (/opt/ros/humble/share/rmw_implementation_cmake/cmake)
-- Found rmw_fastrtps_cpp: 6.2.8 (/opt/ros/humble/share/rmw_fastrtps_cpp/cmake)
-- Found OpenSSL: /usr/lib/x86_64-linux-gnu/libcrypto.so (found version "3.0.2")  
-- Found FastRTPS: /opt/ros/humble/include  
-- Using RMW implementation 'rmw_fastrtps_cpp' as default
-- Looking for pthread.h
-- Looking for pthread.h - found
-- Performing Test CMAKE_HAVE_LIBC_PTHREAD
-- Performing Test CMAKE_HAVE_LIBC_PTHREAD - Success
-- Found Threads: TRUE  
-- Found sensor_msgs: 4.9.0 (/opt/ros/humble/share/sensor_msgs/cmake)
-- Found OpenCV: /usr (found suitable version "4.5.4", minimum required is "4") 
-- Configuring done
-- Generating done
-- Build files have been written to: /home/uihyun/project/kroc/lidar_fix_final/lidar_fix/build/lidar_fix
[ 33%] [32mBuilding CXX object CMakeFiles/lidar_fix_node.dir/src/lidar_fix_node.cpp.o[0m
[ 66%] [32mBuilding CXX object CMakeFiles/lidar_fix_node.dir/src/lidar_fix_main.cpp.o[0m
[01m[K/home/uihyun/project/kroc/lidar_fix_final/lidar_fix/lidar_fix/src/lidar_fix_node.cpp:[m[K In constructor ‘[01m[KLidarFix::LidarFix()[m[K’:
[01m[K/home/uihyun/project/kroc/lidar_fix_final/lidar_fix/lidar_fix/src/lidar_fix_node.cpp:31:3:[m[K [01;31m[Kerror: [m[K‘[01m[Kel_table_[m[K’ was not declared in this scope
   31 |   [01;31m[Kel_table_[m[K.assign(kRings, 0.0f);
      |   [01;31m[K^~~~~~~~~[m[K
[01m[K/home/uihyun/project/kroc/lidar_fix_final/lidar_fix/lidar_fix/src/lidar_fix_node.cpp:[m[K In member function ‘[01m[Kvoid LidarFix::init_index_and_radius(const PointCloud2&, cv::Mat&, std::vector<float>&, std::vector<float>&, std::vector<float>&)[m[K’:
[01m[K/home/uihyun/project/kroc/lidar_fix_final/lidar_fix/lidar_fix/src/lidar_fix_node.cpp:84:35:[m[K [01;31m[Kerror: [m[Kno matching function for call to ‘[01m[Kstd::vector<double, std::allocator<double> >::vector(const int&, int, int)[m[K’
   84 |   std::vector<double> el_sum(H,0,0[01;31m[K)[m[K;
      |                                   [01;31m[K^[m[K
In file included from [01m[K/usr/include/c++/11/vector:67[m[K,
                 from [01m[K/usr/include/c++/11/functional:62[m[K,
                 from [01m[K/usr/include/c++/11/pstl/glue_algorithm_defs.h:13[m[K,
                 from [01m[K/usr/include/c++/11/algorithm:74[m[K,
                 from [01m[K/opt/ros/humble/include/rclcpp/rclcpp/executor.hpp:18[m[K,
                 from [01m[K/opt/ros/humble/include/rclcpp/rclcpp/executors/multi_threaded_executor.hpp:25[m[K,
                 from [01m[K/opt/ros/humble/include/rclcpp/rclcpp/executors.hpp:21[m[K,
                 from [01m[K/opt/ros/humble/include/rclcpp/rclcpp/rclcpp.hpp:155[m[K,
                 from [01m[K/home/uihyun/project/kroc/lidar_fix_final/lidar_fix/lidar_fix/include/lidar_fix/lidar_fix_node.hpp:3[m[K,
                 from [01m[K/home/uihyun/project/kroc/lidar_fix_final/lidar_fix/lidar_fix/src/lidar_fix_node.cpp:1[m[K:
[01m[K/usr/include/c++/11/bits/stl_vector.h:653:9:[m[K [01;36m[Knote: [m[Kcandidate: ‘[01m[Ktemplate<class _InputIterator, class> std::vector<_Tp, _Alloc>::vector(_InputIterator, _InputIterator, const allocator_type&) [with _InputIterator = _InputIterator; <template-parameter-2-2> = <template-parameter-1-2>; _Tp = double; _Alloc = std::allocator<double>][m[K’
  653 |         [01;36m[Kvector[m[K(_InputIterator __first, _InputIterator __last,
      |         [01;36m[K^~~~~~[m[K
[01m[K/usr/include/c++/11/bits/stl_vector.h:653:9:[m[K [01;36m[Knote: [m[K  template argument deduction/substitution failed:
In file included from [01m[K/usr/include/c++/11/bits/stl_algobase.h:65[m[K,
                 from [01m[K/usr/include/c++/11/memory:63[m[K,
                 from [01m[K/opt/ros/humble/include/rclcpp/rclcpp/rclcpp.hpp:153[m[K,
                 from [01m[K/home/uihyun/project/kroc/lidar_fix_final/lidar_fix/lidar_fix/include/lidar_fix/lidar_fix_node.hpp:3[m[K,
                 from [01m[K/home/uihyun/project/kroc/lidar_fix_final/lidar_fix/lidar_fix/src/lidar_fix_node.cpp:1[m[K:
/usr/include/c++/11/bits/stl_iterator_base_types.h: In substitution of ‘[01m[Ktemplate<class _InIter> using _RequireInputIter = std::__enable_if_t<std::is_convertible<typename std::iterator_traits< <template-parameter-1-1> >::iterator_category, std::input_iterator_tag>::value> [with _InIter = int][m[K’:
[01m[K/usr/include/c++/11/bits/stl_vector.h:652:9:[m[K   required from here
[01m[K/usr/include/c++/11/bits/stl_iterator_base_types.h:249:11:[m[K [01;31m[Kerror: [m[Kno type named ‘[01m[Kiterator_category[m[K’ in ‘[01m[Kstruct std::iterator_traits<int>[m[K’
  249 |     using [01;31m[K_RequireInputIter[m[K =
      |           [01;31m[K^~~~~~~~~~~~~~~~~[m[K
In file included from [01m[K/usr/include/c++/11/vector:67[m[K,
                 from [01m[K/usr/include/c++/11/functional:62[m[K,
                 from [01m[K/usr/include/c++/11/pstl/glue_algorithm_defs.h:13[m[K,
                 from [01m[K/usr/include/c++/11/algorithm:74[m[K,
                 from [01m[K/opt/ros/humble/include/rclcpp/rclcpp/executor.hpp:18[m[K,
                 from [01m[K/opt/ros/humble/include/rclcpp/rclcpp/executors/multi_threaded_executor.hpp:25[m[K,
                 from [01m[K/opt/ros/humble/include/rclcpp/rclcpp/executors.hpp:21[m[K,
                 from [01m[K/opt/ros/humble/include/rclcpp/rclcpp/rclcpp.hpp:155[m[K,
                 from [01m[K/home/uihyun/project/kroc/lidar_fix_final/lidar_fix/lidar_fix/include/lidar_fix/lidar_fix_node.hpp:3[m[K,
                 from [01m[K/home/uihyun/project/kroc/lidar_fix_final/lidar_fix/lidar_fix/src/lidar_fix_node.cpp:1[m[K:
[01m[K/usr/include/c++/11/bits/stl_vector.h:625:7:[m[K [01;36m[Knote: [m[Kcandidate: ‘[01m[Kstd::vector<_Tp, _Alloc>::vector(std::initializer_list<_Tp>, const allocator_type&) [with _Tp = double; _Alloc = std::allocator<double>; std::vector<_Tp, _Alloc>::allocator_type = std::allocator<double>][m[K’
  625 |       [01;36m[Kvector[m[K(initializer_list<value_type> __l,
      |       [01;36m[K^~~~~~[m[K
[01m[K/usr/include/c++/11/bits/stl_vector.h:625:7:[m[K [01;36m[Knote: [m[K  candidate expects 2 arguments, 3 provided
[01m[K/usr/include/c++/11/bits/stl_vector.h:607:7:[m[K [01;36m[Knote: [m[Kcandidate: ‘[01m[Kstd::vector<_Tp, _Alloc>::vector(std::vector<_Tp, _Alloc>&&, const allocator_type&) [with _Tp = double; _Alloc = std::allocator<double>; std::vector<_Tp, _Alloc>::allocator_type = std::allocator<double>][m[K’
  607 |       [01;36m[Kvector[m[K(vector&& __rv, const allocator_type& __m)
      |       [01;36m[K^~~~~~[m[K
[01m[K/usr/include/c++/11/bits/stl_vector.h:607:7:[m[K [01;36m[Knote: [m[K  candidate expects 2 arguments, 3 provided
[01m[K/usr/include/c++/11/bits/stl_vector.h:589:7:[m[K [01;36m[Knote: [m[Kcandidate: ‘[01m[Kstd::vector<_Tp, _Alloc>::vector(std::vector<_Tp, _Alloc>&&, const allocator_type&, std::false_type) [with _Tp = double; _Alloc = std::allocator<double>; std::vector<_Tp, _Alloc>::allocator_type = std::allocator<double>; std::false_type = std::integral_constant<bool, false>][m[K’
  589 |       [01;36m[Kvector[m[K(vector&& __rv, const allocator_type& __m, false_type)
      |       [01;36m[K^~~~~~[m[K
[01m[K/usr/include/c++/11/bits/stl_vector.h:589:23:[m[K [01;36m[Knote: [m[K  no known conversion for argument 1 from ‘[01m[Kconst int[m[K’ to ‘[01m[Kstd::vector<double, std::allocator<double> >&&[m[K’
  589 |       vector([01;36m[Kvector&& __rv[m[K, const allocator_type& __m, false_type)
      |              [01;36m[K~~~~~~~~~^~~~[m[K
[01m[K/usr/include/c++/11/bits/stl_vector.h:585:7:[m[K [01;36m[Knote: [m[Kcandidate: ‘[01m[Kstd::vector<_Tp, _Alloc>::vector(std::vector<_Tp, _Alloc>&&, const allocator_type&, std::true_type) [with _Tp = double; _Alloc = std::allocator<double>; std::vector<_Tp, _Alloc>::allocator_type = std::allocator<double>; std::true_type = std::integral_constant<bool, true>][m[K’
  585 |       [01;36m[Kvector[m[K(vector&& __rv, const allocator_type& __m, true_type) noexcept
      |       [01;36m[K^~~~~~[m[K
[01m[K/usr/include/c++/11/bits/stl_vector.h:585:23:[m[K [01;36m[Knote: [m[K  no known conversion for argument 1 from ‘[01m[Kconst int[m[K’ to ‘[01m[Kstd::vector<double, std::allocator<double> >&&[m[K’
  585 |       vector([01;36m[Kvector&& __rv[m[K, const allocator_type& __m, true_type) noexcept
      |              [01;36m[K~~~~~~~~~^~~~[m[K
[01m[K/usr/include/c++/11/bits/stl_vector.h:575:7:[m[K [01;36m[Knote: [m[Kcandidate: ‘[01m[Kstd::vector<_Tp, _Alloc>::vector(const std::vector<_Tp, _Alloc>&, const allocator_type&) [with _Tp = double; _Alloc = std::allocator<double>; std::vector<_Tp, _Alloc>::allocator_type = std::allocator<double>][m[K’
  575 |       [01;36m[Kvector[m[K(const vector& __x, const allocator_type& __a)
      |       [01;36m[K^~~~~~[m[K
[01m[K/usr/include/c++/11/bits/stl_vector.h:575:7:[m[K [01;36m[Knote: [m[K  candidate expects 2 arguments, 3 provided
[01m[K/usr/include/c++/11/bits/stl_vector.h:572:7:[m[K [01;36m[Knote: [m[Kcandidate: ‘[01m[Kstd::vector<_Tp, _Alloc>::vector(std::vector<_Tp, _Alloc>&&) [with _Tp = double; _Alloc = std::allocator<double>][m[K’
  572 |       [01;36m[Kvector[m[K(vector&&) noexcept = default;
      |       [01;36m[K^~~~~~[m[K
[01m[K/usr/include/c++/11/bits/stl_vector.h:572:7:[m[K [01;36m[Knote: [m[K  candidate expects 1 argument, 3 provided
[01m[K/usr/include/c++/11/bits/stl_vector.h:553:7:[m[K [01;36m[Knote: [m[Kcandidate: ‘[01m[Kstd::vector<_Tp, _Alloc>::vector(const std::vector<_Tp, _Alloc>&) [with _Tp = double; _Alloc = std::allocator<double>][m[K’
  553 |       [01;36m[Kvector[m[K(const vector& __x)
      |       [01;36m[K^~~~~~[m[K
[01m[K/usr/include/c++/11/bits/stl_vector.h:553:7:[m[K [01;36m[Knote: [m[K  candidate expects 1 argument, 3 provided
[01m[K/usr/include/c++/11/bits/stl_vector.h:522:7:[m[K [01;36m[Knote: [m[Kcandidate: ‘[01m[Kstd::vector<_Tp, _Alloc>::vector(std::vector<_Tp, _Alloc>::size_type, const value_type&, const allocator_type&) [with _Tp = double; _Alloc = std::allocator<double>; std::vector<_Tp, _Alloc>::size_type = long unsigned int; std::vector<_Tp, _Alloc>::value_type = double; std::vector<_Tp, _Alloc>::allocator_type = std::allocator<double>][m[K’
  522 |       [01;36m[Kvector[m[K(size_type __n, const value_type& __value,
      |       [01;36m[K^~~~~~[m[K
[01m[K/usr/include/c++/11/bits/stl_vector.h:523:36:[m[K [01;36m[Knote: [m[K  no known conversion for argument 3 from ‘[01m[Kint[m[K’ to ‘[01m[Kconst allocator_type&[m[K’ {aka ‘[01m[Kconst std::allocator<double>&[m[K’}
  523 |              [01;36m[Kconst allocator_type& __a = allocator_type()[m[K)
      |              [01;36m[K~~~~~~~~~~~~~~~~~~~~~~^~~~~~~~~~~~~~~~~~~~~~[m[K
[01m[K/usr/include/c++/11/bits/stl_vector.h:510:7:[m[K [01;36m[Knote: [m[Kcandidate: ‘[01m[Kstd::vector<_Tp, _Alloc>::vector(std::vector<_Tp, _Alloc>::size_type, const allocator_type&) [with _Tp = double; _Alloc = std::allocator<double>; std::vector<_Tp, _Alloc>::size_type = long unsigned int; std::vector<_Tp, _Alloc>::allocator_type = std::allocator<double>][m[K’
  510 |       [01;36m[Kvector[m[K(size_type __n, const allocator_type& __a = allocator_type())
      |       [01;36m[K^~~~~~[m[K
[01m[K/usr/include/c++/11/bits/stl_vector.h:510:7:[m[K [01;36m[Knote: [m[K  candidate expects 2 arguments, 3 provided
[01m[K/usr/include/c++/11/bits/stl_vector.h:497:7:[m[K [01;36m[Knote: [m[Kcandidate: ‘[01m[Kstd::vector<_Tp, _Alloc>::vector(const allocator_type&) [with _Tp = double; _Alloc = std::allocator<double>; std::vector<_Tp, _Alloc>::allocator_type = std::allocator<double>][m[K’
  497 |       [01;36m[Kvector[m[K(const allocator_type& __a) _GLIBCXX_NOEXCEPT
      |       [01;36m[K^~~~~~[m[K
[01m[K/usr/include/c++/11/bits/stl_vector.h:497:7:[m[K [01;36m[Knote: [m[K  candidate expects 1 argument, 3 provided
[01m[K/usr/include/c++/11/bits/stl_vector.h:487:7:[m[K [01;36m[Knote: [m[Kcandidate: ‘[01m[Kstd::vector<_Tp, _Alloc>::vector() [with _Tp = double; _Alloc = std::allocator<double>][m[K’
  487 |       [01;36m[Kvector[m[K() = default;
      |       [01;36m[K^~~~~~[m[K
[01m[K/usr/include/c++/11/bits/stl_vector.h:487:7:[m[K [01;36m[Knote: [m[K  candidate expects 0 arguments, 3 provided
[01m[K/home/uihyun/project/kroc/lidar_fix_final/lidar_fix/lidar_fix/src/lidar_fix_node.cpp:115:3:[m[K [01;31m[Kerror: [m[K‘[01m[Kel_table_[m[K’ was not declared in this scope
  115 |   [01;31m[Kel_table_[m[K.resize(H);
      |   [01;31m[K^~~~~~~~~[m[K
[01m[K/home/uihyun/project/kroc/lidar_fix_final/lidar_fix/lidar_fix/src/lidar_fix_node.cpp:[m[K At global scope:
[01m[K/home/uihyun/project/kroc/lidar_fix_final/lidar_fix/lidar_fix/src/lidar_fix_node.cpp:133:5:[m[K [01;31m[Kerror: [m[Kno declaration matches ‘[01m[Kint LidarFix::nearest_ring_from_el(float) const[m[K’
  133 | int [01;31m[KLidarFix[m[K::nearest_ring_from_el(float elv) const
      |     [01;31m[K^~~~~~~~[m[K
[01m[K/home/uihyun/project/kroc/lidar_fix_final/lidar_fix/lidar_fix/src/lidar_fix_node.cpp:133:5:[m[K [01;36m[Knote: [m[Kno functions named ‘[01m[Kint LidarFix::nearest_ring_from_el(float) const[m[K’
In file included from [01m[K/home/uihyun/project/kroc/lidar_fix_final/lidar_fix/lidar_fix/src/lidar_fix_node.cpp:1[m[K:
[01m[K/home/uihyun/project/kroc/lidar_fix_final/lidar_fix/lidar_fix/include/lidar_fix/lidar_fix_node.hpp:42:7:[m[K [01;36m[Knote: [m[K‘[01m[Kclass LidarFix[m[K’ defined here
   42 | class [01;36m[KLidarFix[m[K : public rclcpp::Node {
      |       [01;36m[K^~~~~~~~[m[K
[01m[K/home/uihyun/project/kroc/lidar_fix_final/lidar_fix/lidar_fix/src/lidar_fix_node.cpp:[m[K In member function ‘[01m[Kvoid LidarFix::lidar_callback(sensor_msgs::msg::PointCloud2_<std::allocator<void> >::SharedPtr)[m[K’:
[01m[K/home/uihyun/project/kroc/lidar_fix_final/lidar_fix/lidar_fix/src/lidar_fix_node.cpp:213:26:[m[K [01;31m[Kerror: [m[K‘[01m[Knearest_ring_from_el[m[K’ was not declared in this scope
  213 |     const int   iy_tgt = [01;31m[Knearest_ring_from_el[m[K(el_sym);
      |                          [01;31m[K^~~~~~~~~~~~~~~~~~~~[m[K
[01m[K/home/uihyun/project/kroc/lidar_fix_final/lidar_fix/lidar_fix/src/lidar_fix_node.cpp:213:17:[m[K [01;35m[Kwarning: [m[Kunused variable ‘[01m[Kiy_tgt[m[K’ [[01;35m[K]8;;https://gcc.gnu.org/onlinedocs/gcc/Warning-Options.html#index-Wunused-variable-Wunused-variable]8;;[m[K]
  213 |     const int   [01;35m[Kiy_tgt[m[K = nearest_ring_from_el(el_sym);
      |                 [01;35m[K^~~~~~[m[K
gmake[2]: *** [CMakeFiles/lidar_fix_node.dir/build.make:76: CMakeFiles/lidar_fix_node.dir/src/lidar_fix_node.cpp.o] Error 1
gmake[1]: *** [CMakeFiles/Makefile2:137: CMakeFiles/lidar_fix_node.dir/all] Error 2
gmake: *** [Makefile:146: all] Error 2
