[0.004s] Invoking command in '/home/uihyun/project/kroc/lidar_fix_final/lidar_fix/build/lidar_fix': CMAKE_PREFIX_PATH=${CMAKE_PREFIX_PATH}:/opt/ros/humble /usr/bin/cmake --build /home/uihyun/project/kroc/lidar_fix_final/lidar_fix/build/lidar_fix -- -j8 -l8
[0.034s] [35m[1mConsolidate compiler generated dependencies of target lidar_fix_node[0m
[0.046s] [ 33%] [32mBuilding CXX object CMakeFiles/lidar_fix_node.dir/src/lidar_fix_node.cpp.o[0m
[1.250s] [01m[K/home/uihyun/project/kroc/lidar_fix_final/lidar_fix/lidar_fix/src/lidar_fix_node.cpp:[m[K In member function ‘[01m[Kvoid LidarFix::lidar_callback(sensor_msgs::msg::PointCloud2_<std::allocator<void> >::SharedPtr)[m[K’:
[1.250s] [01m[K/home/uihyun/project/kroc/lidar_fix_final/lidar_fix/lidar_fix/src/lidar_fix_node.cpp:213:17:[m[K [01;35m[Kwarning: [m[Kunused variable ‘[01m[Kiy_tgt[m[K’ [[01;35m[K]8;;https://gcc.gnu.org/onlinedocs/gcc/Warning-Options.html#index-Wunused-variable-Wunused-variable]8;;[m[K]
[1.250s]   213 |     const int   [01;35m[Kiy_tgt[m[K = nearest_ring_from_el(el_sym);
[1.250s]       |                 [01;35m[K^~~~~~[m[K
[4.279s] [ 66%] [32m[1mLinking CXX executable lidar_fix_node[0m
[4.536s] [100%] Built target lidar_fix_node
[4.552s] Invoked command in '/home/uihyun/project/kroc/lidar_fix_final/lidar_fix/build/lidar_fix' returned '0': CMAKE_PREFIX_PATH=${CMAKE_PREFIX_PATH}:/opt/ros/humble /usr/bin/cmake --build /home/uihyun/project/kroc/lidar_fix_final/lidar_fix/build/lidar_fix -- -j8 -l8
[4.558s] Invoking command in '/home/uihyun/project/kroc/lidar_fix_final/lidar_fix/build/lidar_fix': CMAKE_PREFIX_PATH=${CMAKE_PREFIX_PATH}:/opt/ros/humble /usr/bin/cmake --install /home/uihyun/project/kroc/lidar_fix_final/lidar_fix/build/lidar_fix
[4.566s] -- Install configuration: ""
[4.566s] -- Installing: /home/uihyun/project/kroc/lidar_fix_final/lidar_fix/install/lidar_fix/lib/lidar_fix/lidar_fix_node
[4.566s] -- Set runtime path of "/home/uihyun/project/kroc/lidar_fix_final/lidar_fix/install/lidar_fix/lib/lidar_fix/lidar_fix_node" to ""
[4.566s] -- Installing: /home/uihyun/project/kroc/lidar_fix_final/lidar_fix/install/lidar_fix/share/lidar_fix/launch
[4.566s] -- Installing: /home/uihyun/project/kroc/lidar_fix_final/lidar_fix/install/lidar_fix/share/lidar_fix/launch/lidar_fix.launch.xml
[4.566s] -- Installing: /home/uihyun/project/kroc/lidar_fix_final/lidar_fix/install/lidar_fix/share/ament_index/resource_index/package_run_dependencies/lidar_fix
[4.566s] -- Installing: /home/uihyun/project/kroc/lidar_fix_final/lidar_fix/install/lidar_fix/share/ament_index/resource_index/parent_prefix_path/lidar_fix
[4.566s] -- Installing: /home/uihyun/project/kroc/lidar_fix_final/lidar_fix/install/lidar_fix/share/lidar_fix/environment/ament_prefix_path.sh
[4.566s] -- Installing: /home/uihyun/project/kroc/lidar_fix_final/lidar_fix/install/lidar_fix/share/lidar_fix/environment/ament_prefix_path.dsv
[4.566s] -- Installing: /home/uihyun/project/kroc/lidar_fix_final/lidar_fix/install/lidar_fix/share/lidar_fix/environment/path.sh
[4.566s] -- Installing: /home/uihyun/project/kroc/lidar_fix_final/lidar_fix/install/lidar_fix/share/lidar_fix/environment/path.dsv
[4.566s] -- Installing: /home/uihyun/project/kroc/lidar_fix_final/lidar_fix/install/lidar_fix/share/lidar_fix/local_setup.bash
[4.566s] -- Installing: /home/uihyun/project/kroc/lidar_fix_final/lidar_fix/install/lidar_fix/share/lidar_fix/local_setup.sh
[4.566s] -- Installing: /home/uihyun/project/kroc/lidar_fix_final/lidar_fix/install/lidar_fix/share/lidar_fix/local_setup.zsh
[4.566s] -- Installing: /home/uihyun/project/kroc/lidar_fix_final/lidar_fix/install/lidar_fix/share/lidar_fix/local_setup.dsv
[4.566s] -- Installing: /home/uihyun/project/kroc/lidar_fix_final/lidar_fix/install/lidar_fix/share/lidar_fix/package.dsv
[4.566s] -- Installing: /home/uihyun/project/kroc/lidar_fix_final/lidar_fix/install/lidar_fix/share/ament_index/resource_index/packages/lidar_fix
[4.566s] -- Installing: /home/uihyun/project/kroc/lidar_fix_final/lidar_fix/install/lidar_fix/share/lidar_fix/cmake/lidar_fixConfig.cmake
[4.566s] -- Installing: /home/uihyun/project/kroc/lidar_fix_final/lidar_fix/install/lidar_fix/share/lidar_fix/cmake/lidar_fixConfig-version.cmake
[4.566s] -- Installing: /home/uihyun/project/kroc/lidar_fix_final/lidar_fix/install/lidar_fix/share/lidar_fix/package.xml
[4.573s] Invoked command in '/home/uihyun/project/kroc/lidar_fix_final/lidar_fix/build/lidar_fix' returned '0': CMAKE_PREFIX_PATH=${CMAKE_PREFIX_PATH}:/opt/ros/humble /usr/bin/cmake --install /home/uihyun/project/kroc/lidar_fix_final/lidar_fix/build/lidar_fix
